<?xml version="1.0" encoding="UTF-8"?>
<!-- Generated by org.testng.reporters.JUnitReportReporter -->
<testsuite hostname="DESKTOP-95U8H1F" failures="0" tests="1" name="com.hrms.testscripts.TC001" time="17.387" errors="0" timestamp="28 Feb 2021 23:23:17 GMT">
  <testcase classname="com.hrms.testscripts.TC001" name="tc001" time="17.387"/>
</testsuite> <!-- com.hrms.testscripts.TC001 -->
